This is pdfTeX, Version 3.141592653-2.6-1.40.22 (MiKTeX 21.6) (preloaded format=pdflatex 2021.9.23)  15 DEC 2021 01:03
entering extended mode
**./main.tex
(main.tex
LaTeX2e <2021-06-01>
L3 programming layer <2021-06-01>
\@input{preamble.aux}
\openout2 = `preamble.aux'.

(preamble.tex
(C:\Users\LENOVO\AppData\Local\Programs\MiKTeX\tex/latex/base\report.cls
Document Class: report 2021/02/12 v1.4n Standard LaTeX document class
(C:\Users\LENOVO\AppData\Local\Programs\MiKTeX\tex/latex/base\size12.clo
File: size12.clo 2021/02/12 v1.4n Standard LaTeX file (size option)
)
\c@part=\count182
\c@chapter=\count183
\c@section=\count184
\c@subsection=\count185
\c@subsubsection=\count186
\c@paragraph=\count187
\c@subparagraph=\count188
\c@figure=\count189
\c@table=\count190
\abovecaptionskip=\skip47
\belowcaptionskip=\skip48
\bibindent=\dimen138
)
(C:\Users\LENOVO\AppData\Local\Programs\MiKTeX\tex/latex/pdfpages\pdfpages.sty
Package: pdfpages 2021/03/06 v0.5t Insert pages of external PDF documents (AM)

(C:\Users\LENOVO\AppData\Local\Programs\MiKTeX\tex/latex/base\ifthen.sty
Package: ifthen 2020/11/24 v1.1c Standard LaTeX ifthen package (DPC)
)
(C:\Users\LENOVO\AppData\Local\Programs\MiKTeX\tex/latex/tools\calc.sty
Package: calc 2017/05/25 v4.3 Infix arithmetic (KKT,FJ)
\calc@Acount=\count191
\calc@Bcount=\count192
\calc@Adimen=\dimen139
\calc@Bdimen=\dimen140
\calc@Askip=\skip49
\calc@Bskip=\skip50
LaTeX Info: Redefining \setlength on input line 80.
LaTeX Info: Redefining \addtolength on input line 81.
\calc@Ccount=\count193
\calc@Cskip=\skip51
)
(C:\Users\LENOVO\AppData\Local\Programs\MiKTeX\tex/latex/eso-pic\eso-pic.sty
Package: eso-pic 2020/10/14 v3.0a eso-pic (RN)
\ESO@tempdima=\dimen141
\ESO@tempdimb=\dimen142

(C:\Users\LENOVO\AppData\Local\Programs\MiKTeX\tex/latex/graphics\keyval.sty
Package: keyval 2014/10/28 v1.15 key=value parser (DPC)
\KV@toks@=\toks16
)
(C:\Users\LENOVO\AppData\Local\Programs\MiKTeX\tex/latex/xcolor\xcolor.sty
Package: xcolor 2016/05/11 v2.12 LaTeX color extensions (UK)

(C:\Users\LENOVO\AppData\Local\Programs\MiKTeX\tex/latex/graphics-cfg\color.cfg
File: color.cfg 2016/01/02 v1.6 sample color configuration
)
Package xcolor Info: Driver file: pdftex.def on input line 225.

(C:\Users\LENOVO\AppData\Local\Programs\MiKTeX\tex/latex/graphics-def\pdftex.de
f
File: pdftex.def 2020/10/05 v1.2a Graphics/color driver for pdftex
)
Package xcolor Info: Model `cmy' substituted by `cmy0' on input line 1348.
Package xcolor Info: Model `hsb' substituted by `rgb' on input line 1352.
Package xcolor Info: Model `RGB' extended on input line 1364.
Package xcolor Info: Model `HTML' substituted by `rgb' on input line 1366.
Package xcolor Info: Model `Hsb' substituted by `hsb' on input line 1367.
Package xcolor Info: Model `tHsb' substituted by `hsb' on input line 1368.
Package xcolor Info: Model `HSB' substituted by `hsb' on input line 1369.
Package xcolor Info: Model `Gray' substituted by `gray' on input line 1370.
Package xcolor Info: Model `wave' substituted by `hsb' on input line 1371.
))
(C:\Users\LENOVO\AppData\Local\Programs\MiKTeX\tex/latex/graphics\graphicx.sty
Package: graphicx 2020/12/05 v1.2c Enhanced LaTeX Graphics (DPC,SPQR)

(C:\Users\LENOVO\AppData\Local\Programs\MiKTeX\tex/latex/graphics\graphics.sty
Package: graphics 2021/03/04 v1.4d Standard LaTeX Graphics (DPC,SPQR)

(C:\Users\LENOVO\AppData\Local\Programs\MiKTeX\tex/latex/graphics\trig.sty
Package: trig 2016/01/03 v1.10 sin cos tan (DPC)
)
(C:\Users\LENOVO\AppData\Local\Programs\MiKTeX\tex/latex/graphics-cfg\graphics.
cfg
File: graphics.cfg 2016/06/04 v1.11 sample graphics configuration
)
Package graphics Info: Driver file: pdftex.def on input line 107.
)
\Gin@req@height=\dimen143
\Gin@req@width=\dimen144
)
\AM@pagewidth=\dimen145
\AM@pageheight=\dimen146
\AM@fboxrule=\dimen147

(C:\Users\LENOVO\AppData\Local\Programs\MiKTeX\tex/latex/pdfpages\pppdftex.def
File: pppdftex.def 2021/03/06 v0.5t Pdfpages driver for pdfTeX (AM)
)
\pdfpages@includegraphics@status=\count194
\AM@pagebox=\box50
\AM@global@opts=\toks17
\AM@pagecnt=\count195
\AM@toc@title=\toks18
\c@AM@survey=\count196
\AM@templatesizebox=\box51
) (C:\Users\LENOVO\AppData\Local\Programs\MiKTeX\tex/latex/apacite\apacite.sty
Package: apacite 2013/07/21 v6.03 APA citation
\c@BibCnt=\count197
\bibleftmargin=\skip52
\bibindent=\skip53
\bibparsep=\skip54
\bibitemsep=\skip55
\biblabelsep=\skip56
) (C:\Users\LENOVO\AppData\Local\Programs\MiKTeX\tex/latex/amsmath\amsmath.sty
Package: amsmath 2021/04/20 v2.17j AMS math features
\@mathmargin=\skip57

For additional information on amsmath, use the `?' option.
(C:\Users\LENOVO\AppData\Local\Programs\MiKTeX\tex/latex/amsmath\amstext.sty
Package: amstext 2000/06/29 v2.01 AMS text

(C:\Users\LENOVO\AppData\Local\Programs\MiKTeX\tex/latex/amsmath\amsgen.sty
File: amsgen.sty 1999/11/30 v2.0 generic functions
\@emptytoks=\toks19
\ex@=\dimen148
))
(C:\Users\LENOVO\AppData\Local\Programs\MiKTeX\tex/latex/amsmath\amsbsy.sty
Package: amsbsy 1999/11/29 v1.2d Bold Symbols
\pmbraise@=\dimen149
)
(C:\Users\LENOVO\AppData\Local\Programs\MiKTeX\tex/latex/amsmath\amsopn.sty
Package: amsopn 2016/03/08 v2.02 operator names
)
\inf@bad=\count198
LaTeX Info: Redefining \frac on input line 234.
\uproot@=\count199
\leftroot@=\count266
LaTeX Info: Redefining \overline on input line 399.
\classnum@=\count267
\DOTSCASE@=\count268
LaTeX Info: Redefining \ldots on input line 496.
LaTeX Info: Redefining \dots on input line 499.
LaTeX Info: Redefining \cdots on input line 620.
\Mathstrutbox@=\box52
\strutbox@=\box53
\big@size=\dimen150
LaTeX Font Info:    Redeclaring font encoding OML on input line 743.
LaTeX Font Info:    Redeclaring font encoding OMS on input line 744.
\macc@depth=\count269
\c@MaxMatrixCols=\count270
\dotsspace@=\muskip16
\c@parentequation=\count271
\dspbrk@lvl=\count272
\tag@help=\toks20
\row@=\count273
\column@=\count274
\maxfields@=\count275
\andhelp@=\toks21
\eqnshift@=\dimen151
\alignsep@=\dimen152
\tagshift@=\dimen153
\tagwidth@=\dimen154
\totwidth@=\dimen155
\lineht@=\dimen156
\@envbody=\toks22
\multlinegap=\skip58
\multlinetaggap=\skip59
\mathdisplay@stack=\toks23
LaTeX Info: Redefining \[ on input line 2923.
LaTeX Info: Redefining \] on input line 2924.
)
(C:\Users\LENOVO\AppData\Local\Programs\MiKTeX\tex/latex/amsfonts\amsfonts.sty
Package: amsfonts 2013/01/14 v3.01 Basic AMSFonts support
\symAMSa=\mathgroup4
\symAMSb=\mathgroup5
LaTeX Font Info:    Redeclaring math symbol \hbar on input line 98.
LaTeX Font Info:    Overwriting math alphabet `\mathfrak' in version `bold'
(Font)                  U/euf/m/n --> U/euf/b/n on input line 106.
) (C:\Users\LENOVO\AppData\Local\Programs\MiKTeX\tex/latex/amsfonts\amssymb.sty
Package: amssymb 2013/01/14 v3.01 AMS font symbols
) (C:\Users\LENOVO\AppData\Local\Programs\MiKTeX\tex/latex/tools\verbatim.sty
Package: verbatim 2020-07-07 v1.5u LaTeX2e package for verbatim enhancements
\every@verbatim=\toks24
\verbatim@line=\toks25
\verbatim@in@stream=\read2
)
(C:\Users\LENOVO\AppData\Local\Programs\MiKTeX\tex/latex/url\url.sty
\Urlmuskip=\muskip17
Package: url 2013/09/16  ver 3.4  Verb mode for urls, etc.
))
(C:\Users\LENOVO\AppData\Local\Programs\MiKTeX\tex/latex/l3backend\l3backend-pd
ftex.def
File: l3backend-pdftex.def 2021-05-07 L3 backend support: PDF output (pdfTeX)
\l__color_backend_stack_int=\count276
\l__pdf_internal_box=\box54
)

LaTeX Warning: Unused global option(s):
    [onepage].

(main.aux (title_page.aux) (abstract.aux) (chapter_1.aux) (chapter_2.aux)
(chapter_3.aux) (chapter_4.aux) (appendix_A.aux) (appendix_B.aux))
\openout1 = `main.aux'.

LaTeX Font Info:    Checking defaults for OML/cmm/m/it on input line 6.
LaTeX Font Info:    ... okay on input line 6.
LaTeX Font Info:    Checking defaults for OMS/cmsy/m/n on input line 6.
LaTeX Font Info:    ... okay on input line 6.
LaTeX Font Info:    Checking defaults for OT1/cmr/m/n on input line 6.
LaTeX Font Info:    ... okay on input line 6.
LaTeX Font Info:    Checking defaults for T1/cmr/m/n on input line 6.
LaTeX Font Info:    ... okay on input line 6.
LaTeX Font Info:    Checking defaults for TS1/cmr/m/n on input line 6.
LaTeX Font Info:    ... okay on input line 6.
LaTeX Font Info:    Checking defaults for OMX/cmex/m/n on input line 6.
LaTeX Font Info:    ... okay on input line 6.
LaTeX Font Info:    Checking defaults for U/cmr/m/n on input line 6.
LaTeX Font Info:    ... okay on input line 6.

(C:\Users\LENOVO\AppData\Local\Programs\MiKTeX\tex/context/base/mkii\supp-pdf.m
kii
[Loading MPS to PDF converter (version 2006.09.02).]
\scratchcounter=\count277
\scratchdimen=\dimen157
\scratchbox=\box55
\nofMPsegments=\count278
\nofMParguments=\count279
\everyMPshowfont=\toks26
\MPscratchCnt=\count280
\MPscratchDim=\dimen158
\MPnumerator=\count281
\makeMPintoPDFobject=\count282
\everyMPtoPDFconversion=\toks27
)
(C:\Users\LENOVO\AppData\Local\Programs\MiKTeX\tex/latex/epstopdf-pkg\epstopdf-
base.sty
Package: epstopdf-base 2020-01-24 v2.11 Base part for package epstopdf
Package epstopdf-base Info: Redefining graphics rule for `.eps' on input line 4
85.

(C:\Users\LENOVO\AppData\Local\Programs\MiKTeX\tex/latex/00miktex\epstopdf-sys.
cfg
File: epstopdf-sys.cfg 2021/03/18 v2.0 Configuration of epstopdf for MiKTeX
))
(C:\Users\LENOVO\AppData\Local\Programs\MiKTeX\tex/latex/pdflscape\pdflscape.st
y
Package: pdflscape 2019/12/05 v0.12 Display of landscape pages in PDF (HO)
 (C:\Users\LENOVO\AppData\Local\Programs\MiKTeX\tex/generic/iftex\iftex.sty
Package: iftex 2020/03/06 v1.0d TeX engine tests
)
(C:\Users\LENOVO\AppData\Local\Programs\MiKTeX\tex/latex/graphics\lscape.sty
Package: lscape 2020/05/28 v3.02 Landscape Pages (DPC)
)
Package pdflscape Info: Auto-detected driver: pdftex on input line 81.
)
\c@maskedRefs=\count283

(C:\Users\LENOVO\AppData\Local\Programs\MiKTeX\tex/latex/apacite\english.apc
File: english.apc 2013/07/21 v6.03 apacite language file
LaTeX Info: Redefining \BPBI on input line 129.
LaTeX Info: Redefining \BHBI on input line 130.
)
\openout2 = `title_page.aux'.


(title_page.tex [1





{C:/Users/LENOVO/AppData/Local/MiKTeX/pdftex/config/pdftex.map}])
\openout2 = `abstract.aux'.

 (abstract.tex) (main.toc
LaTeX Font Info:    Trying to load font information for U+msa on input line 2.

(C:\Users\LENOVO\AppData\Local\Programs\MiKTeX\tex/latex/amsfonts\umsa.fd
File: umsa.fd 2013/01/14 v3.01 AMS symbols A
)
LaTeX Font Info:    Trying to load font information for U+msb on input line 2.

(C:\Users\LENOVO\AppData\Local\Programs\MiKTeX\tex/latex/amsfonts\umsb.fd
File: umsb.fd 2013/01/14 v3.01 AMS symbols B
)
[2






])
\tf@toc=\write3
\openout3 = `main.toc'.

 [3] (main.lof)
\tf@lof=\write4
\openout4 = `main.lof'.

 [4

] (main.lot)
\tf@lot=\write5
\openout5 = `main.lot'.

 [5

]
\openout2 = `chapter_1.aux'.

 (chapter_1.tex
Chapter 1.
<figures//DisneyChart.png, id=20, 346.29375pt x 225.84375pt>
File: figures//DisneyChart.png Graphic file (type png)
<use figures//DisneyChart.png>
Package pdftex.def Info: figures//DisneyChart.png  used on input line 16.
(pdftex.def)             Requested size: 346.2929pt x 225.84319pt.
[1


] [2 <./figures//DisneyChart.png>] [3] [4]) [5]
\openout2 = `chapter_2.aux'.

 (chapter_2.tex
Chapter 2.
[6




] [7] [8] [9]) [10]
\openout2 = `chapter_3.aux'.

 (chapter_3.tex
Chapter 3.
[11




] [12] [13]
Underfull \hbox (badness 1910) in paragraph at lines 100--100
[]\OT1/cmr/m/n/12 Proposal of cho-sen SP
 []


Underfull \hbox (badness 1728) in paragraph at lines 101--101
[]\OT1/cmr/m/n/12 Approval from the ad-
 []


Overfull \hbox (5.27127pt too wide) in paragraph at lines 97--112
 [][] 
 []

) [14]
\openout2 = `chapter_4.aux'.

 (chapter_4.tex
Chapter 4.
) [15




] [16]
\openout2 = `appendix_A.aux'.

 (appendix_A.tex
Appendix A.
) [17




]
\openout2 = `appendix_B.aux'.

 (appendix_B.tex
Appendix B.
)
Underfull \hbox (badness 10000) in paragraph at lines 29--26

 []

[18




] (main.bbl) [19



] (main.aux (title_page.aux) (abstract.aux) (chapter_1.aux)
(chapter_2.aux) (chapter_3.aux) (chapter_4.aux) (appendix_A.aux)
(appendix_B.aux)) ) 
Here is how much of TeX's memory you used:
 4469 strings out of 478864
 63594 string characters out of 2848186
 384079 words of memory out of 3000000
 22268 multiletter control sequences out of 15000+600000
 411353 words of font info for 56 fonts, out of 8000000 for 9000
 1143 hyphenation exceptions out of 8191
 79i,10n,85p,1173b,237s stack positions out of 5000i,500n,10000p,200000b,80000s
 <C:\Users\LENOVO\AppData\Local\MiKTeX\fonts/pk/ljfour/jknap
pen/ec/dpi600\tcrm1200.pk><C:/Users/LENOVO/AppData/Local/Programs/MiKTeX/fonts/
type1/public/amsfonts/cm/cmbx12.pfb><C:/Users/LENOVO/AppData/Local/Programs/MiK
TeX/fonts/type1/public/amsfonts/cm/cmcsc10.pfb><C:/Users/LENOVO/AppData/Local/P
rograms/MiKTeX/fonts/type1/public/amsfonts/cm/cmr12.pfb><C:/Users/LENOVO/AppDat
a/Local/Programs/MiKTeX/fonts/type1/public/amsfonts/cm/cmr8.pfb><C:/Users/LENOV
O/AppData/Local/Programs/MiKTeX/fonts/type1/public/amsfonts/cm/cmti12.pfb><C:/U
sers/LENOVO/AppData/Local/Programs/MiKTeX/fonts/type1/public/amsfonts/cm/cmtt12
.pfb>
Output written on main.pdf (24 pages, 149347 bytes).
PDF statistics:
 117 PDF objects out of 1000 (max. 8388607)
 0 named destinations out of 1000 (max. 500000)
 6 words of extra memory for PDF output out of 10000 (max. 10000000)

